This is pdfTeX, Version 3.14159265-2.6-1.40.17 (TeX Live 2016) (preloaded format=pdflatex 2016.5.22)  17 DEC 2017 22:30
entering extended mode
 restricted \write18 enabled.
 %&-line parsing enabled.
**ML_report.tex
(./ML_report.tex
LaTeX2e <2016/03/31>
Babel <3.9r> and hyphenation patterns for 83 language(s) loaded.
(/usr/local/texlive/2016/texmf-dist/tex/latex/base/article.cls
Document Class: article 2014/09/29 v1.4h Standard LaTeX document class
(/usr/local/texlive/2016/texmf-dist/tex/latex/base/size12.clo
File: size12.clo 2014/09/29 v1.4h Standard LaTeX file (size option)
)
\c@part=\count79
\c@section=\count80
\c@subsection=\count81
\c@subsubsection=\count82
\c@paragraph=\count83
\c@subparagraph=\count84
\c@figure=\count85
\c@table=\count86
\abovecaptionskip=\skip41
\belowcaptionskip=\skip42
\bibindent=\dimen102
)
(/usr/local/texlive/2016/texmf-dist/tex/latex/bbm-macros/bbm.sty
Package: bbm 1999/03/15 V 1.2 provides fonts for set symbols - TH
LaTeX Font Info:    Overwriting math alphabet `\mathbbm' in version `bold'
(Font)                  U/bbm/m/n --> U/bbm/bx/n on input line 33.
LaTeX Font Info:    Overwriting math alphabet `\mathbbmss' in version `bold'
(Font)                  U/bbmss/m/n --> U/bbmss/bx/n on input line 35.
)
(/usr/local/texlive/2016/texmf-dist/tex/latex/psnfss/pifont.sty
Package: pifont 2005/04/12 PSNFSS-v9.2a Pi font support (SPQR) 
LaTeX Font Info:    Try loading font information for U+pzd on input line 63.

(/usr/local/texlive/2016/texmf-dist/tex/latex/psnfss/upzd.fd
File: upzd.fd 2001/06/04 font definitions for U/pzd.
)
LaTeX Font Info:    Try loading font information for U+psy on input line 64.

(/usr/local/texlive/2016/texmf-dist/tex/latex/psnfss/upsy.fd
File: upsy.fd 2001/06/04 font definitions for U/psy.
))
(/usr/local/texlive/2016/texmf-dist/tex/latex/amsmath/amsmath.sty
Package: amsmath 2016/03/10 v2.15b AMS math features
\@mathmargin=\skip43

For additional information on amsmath, use the `?' option.
(/usr/local/texlive/2016/texmf-dist/tex/latex/amsmath/amstext.sty
Package: amstext 2000/06/29 v2.01 AMS text

(/usr/local/texlive/2016/texmf-dist/tex/latex/amsmath/amsgen.sty
File: amsgen.sty 1999/11/30 v2.0 generic functions
\@emptytoks=\toks14
\ex@=\dimen103
))
(/usr/local/texlive/2016/texmf-dist/tex/latex/amsmath/amsbsy.sty
Package: amsbsy 1999/11/29 v1.2d Bold Symbols
\pmbraise@=\dimen104
)
(/usr/local/texlive/2016/texmf-dist/tex/latex/amsmath/amsopn.sty
Package: amsopn 2016/03/08 v2.02 operator names
)
\inf@bad=\count87
LaTeX Info: Redefining \frac on input line 199.
\uproot@=\count88
\leftroot@=\count89
LaTeX Info: Redefining \overline on input line 297.
\classnum@=\count90
\DOTSCASE@=\count91
LaTeX Info: Redefining \ldots on input line 394.
LaTeX Info: Redefining \dots on input line 397.
LaTeX Info: Redefining \cdots on input line 518.
\Mathstrutbox@=\box26
\strutbox@=\box27
\big@size=\dimen105
LaTeX Font Info:    Redeclaring font encoding OML on input line 634.
LaTeX Font Info:    Redeclaring font encoding OMS on input line 635.
\macc@depth=\count92
\c@MaxMatrixCols=\count93
\dotsspace@=\muskip10
\c@parentequation=\count94
\dspbrk@lvl=\count95
\tag@help=\toks15
\row@=\count96
\column@=\count97
\maxfields@=\count98
\andhelp@=\toks16
\eqnshift@=\dimen106
\alignsep@=\dimen107
\tagshift@=\dimen108
\tagwidth@=\dimen109
\totwidth@=\dimen110
\lineht@=\dimen111
\@envbody=\toks17
\multlinegap=\skip44
\multlinetaggap=\skip45
\mathdisplay@stack=\toks18
LaTeX Info: Redefining \[ on input line 2739.
LaTeX Info: Redefining \] on input line 2740.
)
(/usr/local/texlive/2016/texmf-dist/tex/latex/tools/enumerate.sty
Package: enumerate 2015/07/23 v3.00 enumerate extensions (DPC)
\@enLab=\toks19
)
(/usr/local/texlive/2016/texmf-dist/tex/latex/amsfonts/amssymb.sty
Package: amssymb 2013/01/14 v3.01 AMS font symbols

(/usr/local/texlive/2016/texmf-dist/tex/latex/amsfonts/amsfonts.sty
Package: amsfonts 2013/01/14 v3.01 Basic AMSFonts support
\symAMSa=\mathgroup4
\symAMSb=\mathgroup5
LaTeX Font Info:    Overwriting math alphabet `\mathfrak' in version `bold'
(Font)                  U/euf/m/n --> U/euf/b/n on input line 106.
))
(/usr/local/texlive/2016/texmf-dist/tex/latex/pdfpages/pdfpages.sty
Package: pdfpages 2016/04/19 v0.5f Insert pages of external PDF documents (AM)

(/usr/local/texlive/2016/texmf-dist/tex/latex/base/ifthen.sty
Package: ifthen 2014/09/29 v1.1c Standard LaTeX ifthen package (DPC)
)
(/usr/local/texlive/2016/texmf-dist/tex/latex/tools/calc.sty
Package: calc 2014/10/28 v4.3 Infix arithmetic (KKT,FJ)
\calc@Acount=\count99
\calc@Bcount=\count100
\calc@Adimen=\dimen112
\calc@Bdimen=\dimen113
\calc@Askip=\skip46
\calc@Bskip=\skip47
LaTeX Info: Redefining \setlength on input line 80.
LaTeX Info: Redefining \addtolength on input line 81.
\calc@Ccount=\count101
\calc@Cskip=\skip48
)
(/usr/local/texlive/2016/texmf-dist/tex/latex/eso-pic/eso-pic.sty
Package: eso-pic 2015/07/21 v2.0g eso-pic (RN)

(/usr/local/texlive/2016/texmf-dist/tex/generic/oberdiek/atbegshi.sty
Package: atbegshi 2016/05/16 v1.17 At begin shipout hook (HO)

(/usr/local/texlive/2016/texmf-dist/tex/generic/oberdiek/infwarerr.sty
Package: infwarerr 2016/05/16 v1.4 Providing info/warning/error messages (HO)
)
(/usr/local/texlive/2016/texmf-dist/tex/generic/oberdiek/ltxcmds.sty
Package: ltxcmds 2016/05/16 v1.23 LaTeX kernel commands for general use (HO)
)
(/usr/local/texlive/2016/texmf-dist/tex/generic/oberdiek/ifpdf.sty
Package: ifpdf 2016/05/14 v3.1 Provides the ifpdf switch
))
(/usr/local/texlive/2016/texmf-dist/tex/latex/graphics/keyval.sty
Package: keyval 2014/10/28 v1.15 key=value parser (DPC)
\KV@toks@=\toks20
)
(/usr/local/texlive/2016/texmf-dist/tex/latex/xcolor/xcolor.sty
Package: xcolor 2016/05/11 v2.12 LaTeX color extensions (UK)

(/usr/local/texlive/2016/texmf-dist/tex/latex/graphics-cfg/color.cfg
File: color.cfg 2016/01/02 v1.6 sample color configuration
)
Package xcolor Info: Driver file: pdftex.def on input line 225.

(/usr/local/texlive/2016/texmf-dist/tex/latex/pdftex-def/pdftex.def
File: pdftex.def 2011/05/27 v0.06d Graphics/color for pdfTeX
\Gread@gobject=\count102
)
Package xcolor Info: Model `cmy' substituted by `cmy0' on input line 1348.
Package xcolor Info: Model `hsb' substituted by `rgb' on input line 1352.
Package xcolor Info: Model `RGB' extended on input line 1364.
Package xcolor Info: Model `HTML' substituted by `rgb' on input line 1366.
Package xcolor Info: Model `Hsb' substituted by `hsb' on input line 1367.
Package xcolor Info: Model `tHsb' substituted by `hsb' on input line 1368.
Package xcolor Info: Model `HSB' substituted by `hsb' on input line 1369.
Package xcolor Info: Model `Gray' substituted by `gray' on input line 1370.
Package xcolor Info: Model `wave' substituted by `hsb' on input line 1371.
))
(/usr/local/texlive/2016/texmf-dist/tex/latex/graphics/graphicx.sty
Package: graphicx 2014/10/28 v1.0g Enhanced LaTeX Graphics (DPC,SPQR)

(/usr/local/texlive/2016/texmf-dist/tex/latex/graphics/graphics.sty
Package: graphics 2016/05/09 v1.0r Standard LaTeX Graphics (DPC,SPQR)

(/usr/local/texlive/2016/texmf-dist/tex/latex/graphics/trig.sty
Package: trig 2016/01/03 v1.10 sin cos tan (DPC)
)
(/usr/local/texlive/2016/texmf-dist/tex/latex/graphics-cfg/graphics.cfg
File: graphics.cfg 2016/01/02 v1.10 sample graphics configuration
)
Package graphics Info: Driver file: pdftex.def on input line 96.
)
\Gin@req@height=\dimen114
\Gin@req@width=\dimen115
)
\AM@pagewidth=\dimen116
\AM@pageheight=\dimen117

(/usr/local/texlive/2016/texmf-dist/tex/latex/pdfpages/pppdftex.def
File: pppdftex.def 2016/04/19 v0.5f Pdfpages driver for pdfTeX (AM)
)
\AM@pagebox=\box28
\AM@global@opts=\toks21
\AM@toc@title=\toks22
\c@AM@survey=\count103
\AM@templatesizebox=\box29
)
(/usr/local/texlive/2016/texmf-dist/tex/latex/caption/caption.sty
Package: caption 2016/02/21 v3.3-144 Customizing captions (AR)

(/usr/local/texlive/2016/texmf-dist/tex/latex/caption/caption3.sty
Package: caption3 2016/02/04 v1.7-139 caption3 kernel (AR)
Package caption3 Info: TeX engine: e-TeX on input line 67.
\captionmargin=\dimen118
\captionmargin@=\dimen119
\captionwidth=\dimen120
\caption@tempdima=\dimen121
\caption@indent=\dimen122
\caption@parindent=\dimen123
\caption@hangindent=\dimen124
)
\c@ContinuedFloat=\count104
)
(/usr/local/texlive/2016/texmf-dist/tex/latex/float/float.sty
Package: float 2001/11/08 v1.3d Float enhancements (AL)
\c@float@type=\count105
\float@exts=\toks23
\float@box=\box30
\@float@everytoks=\toks24
\@floatcapt=\box31
) (./ML_report.aux)
\openout1 = `ML_report.aux'.

LaTeX Font Info:    Checking defaults for OML/cmm/m/it on input line 23.
LaTeX Font Info:    ... okay on input line 23.
LaTeX Font Info:    Checking defaults for T1/cmr/m/n on input line 23.
LaTeX Font Info:    ... okay on input line 23.
LaTeX Font Info:    Checking defaults for OT1/cmr/m/n on input line 23.
LaTeX Font Info:    ... okay on input line 23.
LaTeX Font Info:    Checking defaults for OMS/cmsy/m/n on input line 23.
LaTeX Font Info:    ... okay on input line 23.
LaTeX Font Info:    Checking defaults for OMX/cmex/m/n on input line 23.
LaTeX Font Info:    ... okay on input line 23.
LaTeX Font Info:    Checking defaults for U/cmr/m/n on input line 23.
LaTeX Font Info:    ... okay on input line 23.
\AtBeginShipoutBox=\box32
 (/usr/local/texlive/2016/texmf-dist/tex/context/base/mkii/supp-pdf.mkii
[Loading MPS to PDF converter (version 2006.09.02).]
\scratchcounter=\count106
\scratchdimen=\dimen125
\scratchbox=\box33
\nofMPsegments=\count107
\nofMParguments=\count108
\everyMPshowfont=\toks25
\MPscratchCnt=\count109
\MPscratchDim=\dimen126
\MPnumerator=\count110
\makeMPintoPDFobject=\count111
\everyMPtoPDFconversion=\toks26
) (/usr/local/texlive/2016/texmf-dist/tex/generic/oberdiek/pdftexcmds.sty
Package: pdftexcmds 2016/05/10 v0.21 Utility functions of pdfTeX for LuaTeX (HO
)

(/usr/local/texlive/2016/texmf-dist/tex/generic/oberdiek/ifluatex.sty
Package: ifluatex 2016/05/16 v1.4 Provides the ifluatex switch (HO)
Package ifluatex Info: LuaTeX not detected.
)
Package pdftexcmds Info: LuaTeX not detected.
Package pdftexcmds Info: \pdf@primitive is available.
Package pdftexcmds Info: \pdf@ifprimitive is available.
Package pdftexcmds Info: \pdfdraftmode found.
)
(/usr/local/texlive/2016/texmf-dist/tex/latex/oberdiek/epstopdf-base.sty
Package: epstopdf-base 2016/05/15 v2.6 Base part for package epstopdf

(/usr/local/texlive/2016/texmf-dist/tex/latex/oberdiek/grfext.sty
Package: grfext 2016/05/16 v1.2 Manage graphics extensions (HO)

(/usr/local/texlive/2016/texmf-dist/tex/generic/oberdiek/kvdefinekeys.sty
Package: kvdefinekeys 2016/05/16 v1.4 Define keys (HO)
))
(/usr/local/texlive/2016/texmf-dist/tex/latex/oberdiek/kvoptions.sty
Package: kvoptions 2016/05/16 v3.12 Key value format for package options (HO)

(/usr/local/texlive/2016/texmf-dist/tex/generic/oberdiek/kvsetkeys.sty
Package: kvsetkeys 2016/05/16 v1.17 Key value parser (HO)

(/usr/local/texlive/2016/texmf-dist/tex/generic/oberdiek/etexcmds.sty
Package: etexcmds 2016/05/16 v1.6 Avoid name clashes with e-TeX commands (HO)
Package etexcmds Info: Could not find \expanded.
(etexcmds)             That can mean that you are not using pdfTeX 1.50 or
(etexcmds)             that some package has redefined \expanded.
(etexcmds)             In the latter case, load this package earlier.
)))
Package grfext Info: Graphics extension search list:
(grfext)             [.png,.pdf,.jpg,.mps,.jpeg,.jbig2,.jb2,.PNG,.PDF,.JPG,.JPE
G,.JBIG2,.JB2,.eps]
(grfext)             \AppendGraphicsExtensions on input line 456.

(/usr/local/texlive/2016/texmf-dist/tex/latex/latexconfig/epstopdf-sys.cfg
File: epstopdf-sys.cfg 2010/07/13 v1.3 Configuration of (r)epstopdf for TeX Liv
e
))
(/usr/local/texlive/2016/texmf-dist/tex/latex/oberdiek/pdflscape.sty
Package: pdflscape 2016/05/14 v0.11 Display of landscape pages in PDF (HO)

(/usr/local/texlive/2016/texmf-dist/tex/latex/graphics/lscape.sty
Package: lscape 2000/10/22 v3.01 Landscape Pages (DPC)
)
Package pdflscape Info: Auto-detected driver: pdftex on input line 81.

(/usr/local/texlive/2016/texmf-dist/tex/generic/ifxetex/ifxetex.sty
Package: ifxetex 2010/09/12 v0.6 Provides ifxetex conditional
))
Package caption Info: Begin \AtBeginDocument code.
Package caption Info: float package is loaded.
Package caption Info: End \AtBeginDocument code.
LaTeX Font Info:    Try loading font information for U+msa on input line 24.

(/usr/local/texlive/2016/texmf-dist/tex/latex/amsfonts/umsa.fd
File: umsa.fd 2013/01/14 v3.01 AMS symbols A
)
LaTeX Font Info:    Try loading font information for U+msb on input line 24.

(/usr/local/texlive/2016/texmf-dist/tex/latex/amsfonts/umsb.fd
File: umsb.fd 2013/01/14 v3.01 AMS symbols B
) [1

{/usr/local/texlive/2016/texmf-var/fonts/map/pdftex/updmap/pdftex.map}]
Underfull \hbox (badness 10000) in paragraph at lines 46--47

 []

[2]
Overfull \hbox (12.09604pt too wide) in paragraph at lines 51--52
\OT1/cmr/m/n/12 Unlike feature-map vi-su-al-iza-tion, \OT1/cmr/bx/n/12 de-con-v
o-lu-tional pro-jec-tion \OT1/cmr/m/n/12 at-taches some-
 []


Underfull \hbox (badness 10000) in paragraph at lines 51--52

 []


Underfull \hbox (badness 10000) in paragraph at lines 56--57

 []

<../diagrams/EFL_network.jpg, id=15, 651.43375pt x 522.95375pt>
File: ../diagrams/EFL_network.jpg Graphic file (type jpg)

<use ../diagrams/EFL_network.jpg>
Package pdftex.def Info: ../diagrams/EFL_network.jpg used on input line 60.
(pdftex.def)             Requested size: 272.99881pt x 219.1603pt.


LaTeX Warning: `h' float specifier changed to `ht'.


<../../../../../../../Desktop/efl_sample.png, id=16, 308.15125pt x 107.40125pt>
File: ../../../../../../../Desktop/efl_sample.png Graphic file (type png)
<use ../../../../../../../Desktop/efl_sample.png>
Package pdftex.def Info: ../../../../../../../Desktop/efl_sample.png used on in
put line 67.
(pdftex.def)             Requested size: 272.99881pt x 95.15578pt.


LaTeX Warning: `h' float specifier changed to `ht'.

[3]
Underfull \hbox (badness 10000) in paragraph at lines 74--75

 []

<../../../../../../../Desktop/efl_1.png, id=23, 386.44376pt x 188.705pt>
File: ../../../../../../../Desktop/efl_1.png Graphic file (type png)

<use ../../../../../../../Desktop/efl_1.png>
Package pdftex.def Info: ../../../../../../../Desktop/efl_1.png used on input l
ine 78.
(pdftex.def)             Requested size: 272.99881pt x 133.3077pt.


LaTeX Warning: `h' float specifier changed to `ht'.


Underfull \hbox (badness 10000) in paragraph at lines 83--84

 []


Underfull \hbox (badness 10000) in paragraph at lines 85--86

 []

[4 <../diagrams/EFL_network.jpg>]
<../../../../../../../Desktop/efl_2.png, id=28, 406.51875pt x 189.70876pt>
File: ../../../../../../../Desktop/efl_2.png Graphic file (type png)

<use ../../../../../../../Desktop/efl_2.png>
Package pdftex.def Info: ../../../../../../../Desktop/efl_2.png used on input l
ine 91.
(pdftex.def)             Requested size: 272.99881pt x 127.40234pt.


LaTeX Warning: `h' float specifier changed to `ht'.

<../../../../../../../Desktop/efl_sample2.png, id=29, 321.2pt x 102.3825pt>
File: ../../../../../../../Desktop/efl_sample2.png Graphic file (type png)

<use ../../../../../../../Desktop/efl_sample2.png>
Package pdftex.def Info: ../../../../../../../Desktop/efl_sample2.png used on i
nput line 100.
(pdftex.def)             Requested size: 272.99881pt x 87.02084pt.


LaTeX Warning: `h' float specifier changed to `ht'.


<../../../../../../../Desktop/mnist_weights3.png, id=30, 324.21124pt x 155.5812
5pt>
File: ../../../../../../../Desktop/mnist_weights3.png Graphic file (type png)
 <use ../../../../../../../Desktop/mnist_weights3.png>
Package pdftex.def Info: ../../../../../../../Desktop/mnist_weights3.png used o
n input line 107.
(pdftex.def)             Requested size: 272.99881pt x 131.01257pt.


LaTeX Warning: `h' float specifier changed to `ht'.

[5 <../../../../../../../Desktop/efl_sample.png> <../../../../../../../Desktop/
efl_1.png>]
Underfull \hbox (badness 10000) in paragraph at lines 116--117

 []

[6 <../../../../../../../Desktop/efl_2.png> <../../../../../../../Desktop/efl_s
ample2.png>]
Underfull \hbox (badness 10000) in paragraph at lines 122--123

 []

<../diagrams/MNIST_network.jpg, id=42, 1444.39626pt x 546.04pt>
File: ../diagrams/MNIST_network.jpg Graphic file (type jpg)

<use ../diagrams/MNIST_network.jpg>
Package pdftex.def Info: ../diagrams/MNIST_network.jpg used on input line 126.
(pdftex.def)             Requested size: 390.0pt x 147.43277pt.
 [7 <../../../../../../../Desktop/mnist_weights3.png> <../diagrams/MNIST_networ
k.jpg>]
<../../../../../../../Desktop/weights_mnist2.png, id=48, 970.62625pt x 237.8887
5pt>
File: ../../../../../../../Desktop/weights_mnist2.png Graphic file (type png)
 <use ../../../../../../../Desktop/weights_mnist2.png>
Package pdftex.def Info: ../../../../../../../Desktop/weights_mnist2.png used o
n input line 138.
(pdftex.def)             Requested size: 272.99881pt x 66.90967pt.

<../../../../../../../Desktop/weights_mnist1.png, id=49, 980.66376pt x 239.8962
6pt>
File: ../../../../../../../Desktop/weights_mnist1.png Graphic file (type png)
 <use ../../../../../../../Desktop/weights_mnist1.png>
Package pdftex.def Info: ../../../../../../../Desktop/weights_mnist1.png used o
n input line 145.
(pdftex.def)             Requested size: 272.99881pt x 66.78247pt.

Underfull \hbox (badness 10000) in paragraph at lines 153--154

 []


Underfull \hbox (badness 10000) in paragraph at lines 156--157

 []

[8 <../../../../../../../Desktop/weights_mnist2.png> <../../../../../../../Desk
top/weights_mnist1.png>]
Underfull \hbox (badness 10000) in paragraph at lines 164--165

 []


Underfull \hbox (badness 10000) in paragraph at lines 170--171

 []


Underfull \hbox (badness 10000) in paragraph at lines 172--173

 []


Underfull \hbox (badness 10000) in paragraph at lines 174--175

 []


Underfull \hbox (badness 10000) in paragraph at lines 176--177

 []


Underfull \hbox (badness 10000) in paragraph at lines 178--179

 []


<../../../../../../../Desktop/zeiler_deconv.png, id=55, 685.56125pt x 678.535pt
>
File: ../../../../../../../Desktop/zeiler_deconv.png Graphic file (type png)
 <use ../../../../../../../Desktop/zeiler_deconv.png>
Package pdftex.def Info: ../../../../../../../Desktop/zeiler_deconv.png used on
 input line 182.
(pdftex.def)             Requested size: 272.99881pt x 270.20818pt.
 [9]
<../diagrams/node1_layer1_mnist.png, id=62, 433.62pt x 289.08pt>
File: ../diagrams/node1_layer1_mnist.png Graphic file (type png)

<use ../diagrams/node1_layer1_mnist.png>
Package pdftex.def Info: ../diagrams/node1_layer1_mnist.png used on input line 
192.
(pdftex.def)             Requested size: 234.00238pt x 156.00383pt.

<../diagrams/node16_layer1_mnist.png, id=63, 433.62pt x 289.08pt>
File: ../diagrams/node16_layer1_mnist.png Graphic file (type png)

<use ../diagrams/node16_layer1_mnist.png>
Package pdftex.def Info: ../diagrams/node16_layer1_mnist.png used on input line
 198.
(pdftex.def)             Requested size: 234.00238pt x 156.00383pt.
 [10 <../../../../../../../Desktop/zeiler_deconv.png>] [11 <../diagrams/node1_l
ayer1_mnist.png> <../diagrams/node16_layer1_mnist.png>]
<../diagrams/node22_layer1_mnist.png, id=73, 433.62pt x 289.08pt>
File: ../diagrams/node22_layer1_mnist.png Graphic file (type png)

<use ../diagrams/node22_layer1_mnist.png>
Package pdftex.def Info: ../diagrams/node22_layer1_mnist.png used on input line
 205.
(pdftex.def)             Requested size: 234.00238pt x 156.00383pt.

<../diagrams/node3_layer2_mnist.png, id=74, 433.62pt x 289.08pt>
File: ../diagrams/node3_layer2_mnist.png Graphic file (type png)

<use ../diagrams/node3_layer2_mnist.png>
Package pdftex.def Info: ../diagrams/node3_layer2_mnist.png used on input line 
211.
(pdftex.def)             Requested size: 234.00238pt x 156.00383pt.

<../diagrams/node32_layer2_mnist.png, id=75, 433.62pt x 289.08pt>
File: ../diagrams/node32_layer2_mnist.png Graphic file (type png)

<use ../diagrams/node32_layer2_mnist.png>
Package pdftex.def Info: ../diagrams/node32_layer2_mnist.png used on input line
 217.
(pdftex.def)             Requested size: 234.00238pt x 156.00383pt.

<../diagrams/node45_layer2_mnist.png, id=76, 433.62pt x 289.08pt>
File: ../diagrams/node45_layer2_mnist.png Graphic file (type png)

<use ../diagrams/node45_layer2_mnist.png>
Package pdftex.def Info: ../diagrams/node45_layer2_mnist.png used on input line
 223.
(pdftex.def)             Requested size: 234.00238pt x 156.00383pt.
 [12 <../diagrams/node22_layer1_mnist.png> <../diagrams/node3_layer2_mnist.png>
]
Underfull \hbox (badness 10000) in paragraph at lines 229--230

 []

[13 <../diagrams/node32_layer2_mnist.png> <../diagrams/node45_layer2_mnist.png>
]
Underfull \hbox (badness 10000) in paragraph at lines 245--246

 []

<../diagrams/DMC_network.jpg, id=88, 1639.12375pt x 546.04pt>
File: ../diagrams/DMC_network.jpg Graphic file (type jpg)

<use ../diagrams/DMC_network.jpg>
Package pdftex.def Info: ../diagrams/DMC_network.jpg used on input line 249.
(pdftex.def)             Requested size: 390.0pt x 129.91913pt.
 [14]
<../diagrams/node8_layer1_DMF.png, id=93, 2168.1pt x 2168.1pt>
File: ../diagrams/node8_layer1_DMF.png Graphic file (type png)

<use ../diagrams/node8_layer1_DMF.png>
Package pdftex.def Info: ../diagrams/node8_layer1_DMF.png used on input line 25
8.
(pdftex.def)             Requested size: 272.99881pt x 272.99678pt.

<../diagrams/node15_layer1_DMF.png, id=94, 2168.1pt x 2168.1pt>
File: ../diagrams/node15_layer1_DMF.png Graphic file (type png)

<use ../diagrams/node15_layer1_DMF.png>
Package pdftex.def Info: ../diagrams/node15_layer1_DMF.png used on input line 2
64.
(pdftex.def)             Requested size: 272.99881pt x 272.99678pt.
 [15 <../diagrams/DMC_network.jpg>]
<../diagrams/node23_layer1_DMF.png, id=98, 2168.1pt x 2168.1pt>
File: ../diagrams/node23_layer1_DMF.png Graphic file (type png)

<use ../diagrams/node23_layer1_DMF.png>
Package pdftex.def Info: ../diagrams/node23_layer1_DMF.png used on input line 2
70.
(pdftex.def)             Requested size: 272.99881pt x 272.99678pt.
 [16 <../diagrams/node8_layer1_DMF.png>] <../diagrams/node8_layer2_DMF.png, id=
103, 2168.1pt x 2168.1pt>
File: ../diagrams/node8_layer2_DMF.png Graphic file (type png)

<use ../diagrams/node8_layer2_DMF.png>
Package pdftex.def Info: ../diagrams/node8_layer2_DMF.png used on input line 27
6.
(pdftex.def)             Requested size: 272.99881pt x 272.99678pt.
 [17 <../diagrams/node15_layer1_DMF.png>] <../diagrams/node15_layer2_DMF.png, i
d=108, 2168.1pt x 2168.1pt>
File: ../diagrams/node15_layer2_DMF.png Graphic file (type png)

<use ../diagrams/node15_layer2_DMF.png>
Package pdftex.def Info: ../diagrams/node15_layer2_DMF.png used on input line 2
82.
(pdftex.def)             Requested size: 272.99881pt x 272.99678pt.
 [18 <../diagrams/node23_layer1_DMF.png>] <../diagrams/node23_layer2_DMF.png, i
d=113, 2168.1pt x 2168.1pt>
File: ../diagrams/node23_layer2_DMF.png Graphic file (type png)

<use ../diagrams/node23_layer2_DMF.png>
Package pdftex.def Info: ../diagrams/node23_layer2_DMF.png used on input line 2
89.
(pdftex.def)             Requested size: 272.99881pt x 272.99678pt.

<../diagrams/node8_layer3_DMF.png, id=114, 2168.1pt x 2168.1pt>
File: ../diagrams/node8_layer3_DMF.png Graphic file (type png)

<use ../diagrams/node8_layer3_DMF.png>
Package pdftex.def Info: ../diagrams/node8_layer3_DMF.png used on input line 29
5.
(pdftex.def)             Requested size: 272.99881pt x 272.99678pt.
 [19 <../diagrams/node8_layer2_DMF.png>]
[20 <../diagrams/node15_layer2_DMF.png>]
<../diagrams/node15_layer3_DMF.png, id=124, 2168.1pt x 2168.1pt>
File: ../diagrams/node15_layer3_DMF.png Graphic file (type png)

<use ../diagrams/node15_layer3_DMF.png>
Package pdftex.def Info: ../diagrams/node15_layer3_DMF.png used on input line 3
01.
(pdftex.def)             Requested size: 272.99881pt x 272.99678pt.
 [21 <../diagrams/node23_layer2_DMF.png>] <../diagrams/node23_layer3_DMF.png, i
d=129, 2168.1pt x 2168.1pt>
File: ../diagrams/node23_layer3_DMF.png Graphic file (type png)

<use ../diagrams/node23_layer3_DMF.png>
Package pdftex.def Info: ../diagrams/node23_layer3_DMF.png used on input line 3
07.
(pdftex.def)             Requested size: 272.99881pt x 272.99678pt.
 [22 <../diagrams/node8_layer3_DMF.png>] [23 <../diagrams/node15_layer3_DMF.png
>]
Underfull \hbox (badness 10000) in paragraph at lines 312--313

 []


Underfull \hbox (badness 10000) in paragraph at lines 314--315

 []


Underfull \hbox (badness 10000) in paragraph at lines 316--317

 []

[24 <../diagrams/node23_layer3_DMF.png>]
<../diagrams/layeracts3.png, id=142, 669.2202pt x 439.4016pt>
File: ../diagrams/layeracts3.png Graphic file (type png)

<use ../diagrams/layeracts3.png>
Package pdftex.def Info: ../diagrams/layeracts3.png used on input line 322.
(pdftex.def)             Requested size: 272.99881pt x 179.25067pt.

<../diagrams/layeracts1.png, id=143, 818.0964pt x 416.9979pt>
File: ../diagrams/layeracts1.png Graphic file (type png)

<use ../diagrams/layeracts1.png>
Package pdftex.def Info: ../diagrams/layeracts1.png used on input line 328.
(pdftex.def)             Requested size: 272.99881pt x 139.14954pt.

Underfull \hbox (badness 10000) in paragraph at lines 336--337

 []

[25 <../diagrams/layeracts3.png> <../diagrams/layeracts1.png>]
Underfull \hbox (badness 10000) in paragraph at lines 338--339

 []


Underfull \hbox (badness 10000) in paragraph at lines 340--341

 []


Underfull \hbox (badness 10000) in paragraph at lines 342--343

 []


Underfull \hbox (badness 10000) in paragraph at lines 344--345

 []


Underfull \hbox (badness 10000) in paragraph at lines 347--348

 []

[26]
Underfull \hbox (badness 10000) in paragraph at lines 349--350

 []


Underfull \hbox (badness 10000) in paragraph at lines 351--352

 []

[27] (./ML_report.bbl) [28] (./ML_report.aux) ) 
Here is how much of TeX's memory you used:
 5069 strings out of 493014
 77708 string characters out of 6133351
 142963 words of memory out of 5000000
 8484 multiletter control sequences out of 15000+600000
 15296 words of font info for 58 fonts, out of 8000000 for 9000
 1141 hyphenation exceptions out of 8191
 38i,9n,39p,949b,398s stack positions out of 5000i,500n,10000p,200000b,80000s
</usr/local/texlive/2016/texmf-d
ist/fonts/type1/public/amsfonts/cm/cmbx10.pfb></usr/local/texlive/2016/texmf-di
st/fonts/type1/public/amsfonts/cm/cmbx12.pfb></usr/local/texlive/2016/texmf-dis
t/fonts/type1/public/amsfonts/cm/cmex10.pfb></usr/local/texlive/2016/texmf-dist
/fonts/type1/public/amsfonts/cm/cmmi10.pfb></usr/local/texlive/2016/texmf-dist/
fonts/type1/public/amsfonts/cm/cmmi12.pfb></usr/local/texlive/2016/texmf-dist/f
onts/type1/public/amsfonts/cm/cmmi6.pfb></usr/local/texlive/2016/texmf-dist/fon
ts/type1/public/amsfonts/cm/cmmi8.pfb></usr/local/texlive/2016/texmf-dist/fonts
/type1/public/amsfonts/cm/cmr10.pfb></usr/local/texlive/2016/texmf-dist/fonts/t
ype1/public/amsfonts/cm/cmr12.pfb></usr/local/texlive/2016/texmf-dist/fonts/typ
e1/public/amsfonts/cm/cmr17.pfb></usr/local/texlive/2016/texmf-dist/fonts/type1
/public/amsfonts/cm/cmr8.pfb></usr/local/texlive/2016/texmf-dist/fonts/type1/pu
blic/amsfonts/cm/cmsy10.pfb></usr/local/texlive/2016/texmf-dist/fonts/type1/pub
lic/amsfonts/cm/cmsy8.pfb></usr/local/texlive/2016/texmf-dist/fonts/type1/publi
c/amsfonts/cm/cmti12.pfb>
Output written on ML_report.pdf (28 pages, 3970220 bytes).
PDF statistics:
 205 PDF objects out of 1000 (max. 8388607)
 106 compressed objects within 2 object streams
 0 named destinations out of 1000 (max. 500000)
 141 words of extra memory for PDF output out of 10000 (max. 10000000)

